<?xml version="1.0" encoding="UTF-8"?>
<coverage generated="1719304363107" clover="3.2.0">
  <project timestamp="1719304363107" name="All files">
    <metrics statements="87" coveredstatements="87" conditionals="49" coveredconditionals="43" methods="15" coveredmethods="15" elements="151" coveredelements="145" complexity="0" loc="87" ncloc="87" packages="1" files="2" classes="2"/>
    <file name="SettingsModal.js" path="C:\Users\Adrien\Desktop\dev\Pomodoro\app\src\modules\SettingsModal.js">
      <metrics statements="27" coveredstatements="27" conditionals="18" coveredconditionals="14" methods="6" coveredmethods="6"/>
      <line num="7" count="1" type="stmt"/>
      <line num="21" count="3" type="stmt"/>
      <line num="22" count="3" type="stmt"/>
      <line num="24" count="3" type="cond" truecount="5" falsecount="0"/>
      <line num="25" count="1" type="stmt"/>
      <line num="27" count="2" type="cond" truecount="5" falsecount="0"/>
      <line num="28" count="1" type="stmt"/>
      <line num="31" count="1" type="cond" truecount="1" falsecount="1"/>
      <line num="32" count="1" type="cond" truecount="1" falsecount="1"/>
      <line num="33" count="1" type="stmt"/>
      <line num="34" count="1" type="stmt"/>
      <line num="43" count="5" type="stmt"/>
      <line num="44" count="5" type="stmt"/>
      <line num="45" count="5" type="stmt"/>
      <line num="46" count="5" type="stmt"/>
      <line num="66" count="5" type="stmt"/>
      <line num="67" count="5" type="stmt"/>
      <line num="75" count="2" type="stmt"/>
      <line num="76" count="2" type="cond" truecount="1" falsecount="1"/>
      <line num="77" count="2" type="stmt"/>
      <line num="85" count="2" type="stmt"/>
      <line num="86" count="2" type="stmt"/>
      <line num="87" count="2" type="stmt"/>
      <line num="89" count="2" type="stmt"/>
      <line num="97" count="3" type="stmt"/>
      <line num="98" count="3" type="cond" truecount="1" falsecount="1"/>
      <line num="101" count="1" type="stmt"/>
    </file>
    <file name="Timer.js" path="C:\Users\Adrien\Desktop\dev\Pomodoro\app\src\modules\Timer.js">
      <metrics statements="60" coveredstatements="60" conditionals="31" coveredconditionals="29" methods="9" coveredmethods="9"/>
      <line num="5" count="2" type="stmt"/>
      <line num="20" count="7" type="stmt"/>
      <line num="22" count="7" type="stmt"/>
      <line num="23" count="7" type="stmt"/>
      <line num="24" count="7" type="stmt"/>
      <line num="25" count="7" type="stmt"/>
      <line num="26" count="7" type="stmt"/>
      <line num="27" count="7" type="stmt"/>
      <line num="29" count="7" type="stmt"/>
      <line num="30" count="7" type="stmt"/>
      <line num="31" count="7" type="stmt"/>
      <line num="41" count="7" type="cond" truecount="2" falsecount="0"/>
      <line num="42" count="7" type="cond" truecount="2" falsecount="0"/>
      <line num="52" count="315" type="cond" truecount="2" falsecount="0"/>
      <line num="53" count="315" type="cond" truecount="2" falsecount="0"/>
      <line num="63" count="14" type="cond" truecount="3" falsecount="1"/>
      <line num="65" count="14" type="stmt"/>
      <line num="66" count="14" type="stmt"/>
      <line num="68" count="14" type="stmt"/>
      <line num="69" count="14" type="stmt"/>
      <line num="70" count="14" type="stmt"/>
      <line num="71" count="14" type="stmt"/>
      <line num="72" count="14" type="stmt"/>
      <line num="74" count="14" type="cond" truecount="2" falsecount="0"/>
      <line num="75" count="14" type="cond" truecount="2" falsecount="0"/>
      <line num="85" count="4807" type="cond" truecount="2" falsecount="0"/>
      <line num="86" count="4502" type="stmt"/>
      <line num="87" count="4502" type="stmt"/>
      <line num="88" count="4502" type="stmt"/>
      <line num="92" count="305" type="cond" truecount="5" falsecount="0"/>
      <line num="93" count="3" type="stmt"/>
      <line num="94" count="3" type="stmt"/>
      <line num="95" count="3" type="stmt"/>
      <line num="96" count="3" type="stmt"/>
      <line num="100" count="302" type="cond" truecount="2" falsecount="0"/>
      <line num="101" count="301" type="stmt"/>
      <line num="102" count="301" type="stmt"/>
      <line num="103" count="301" type="stmt"/>
      <line num="106" count="1" type="stmt"/>
      <line num="107" count="1" type="stmt"/>
      <line num="108" count="1" type="stmt"/>
      <line num="109" count="1" type="stmt"/>
      <line num="110" count="1" type="stmt"/>
      <line num="111" count="1" type="stmt"/>
      <line num="112" count="1" type="stmt"/>
      <line num="113" count="1" type="stmt"/>
      <line num="118" count="4807" type="cond" truecount="4" falsecount="0"/>
      <line num="119" count="4807" type="stmt"/>
      <line num="120" count="4807" type="stmt"/>
      <line num="121" count="4807" type="stmt"/>
      <line num="130" count="6" type="stmt"/>
      <line num="131" count="6" type="stmt"/>
      <line num="140" count="1" type="stmt"/>
      <line num="141" count="1" type="stmt"/>
      <line num="142" count="1" type="stmt"/>
      <line num="155" count="7" type="stmt"/>
      <line num="157" count="7" type="stmt"/>
      <line num="161" count="7" type="stmt"/>
      <line num="166" count="7" type="stmt"/>
      <line num="169" count="2" type="stmt"/>
    </file>
  </project>
</coverage>
