{"C:\\Users\\Adrien\\Desktop\\dev\\Pomodoro\\app\\src\\modules\\Timer.js": {"path":"C:\\Users\\Adrien\\Desktop\\dev\\Pomodoro\\app\\src\\modules\\Timer.js","statementMap":{"0":{"start":{"line":5,"column":14},"end":{"line":177,"column":4}},"1":{"start":{"line":20,"column":4},"end":{"line":20,"column":25}},"2":{"start":{"line":22,"column":4},"end":{"line":22,"column":17}},"3":{"start":{"line":23,"column":4},"end":{"line":23,"column":28}},"4":{"start":{"line":24,"column":4},"end":{"line":24,"column":31}},"5":{"start":{"line":25,"column":4},"end":{"line":25,"column":23}},"6":{"start":{"line":26,"column":4},"end":{"line":26,"column":31}},"7":{"start":{"line":27,"column":4},"end":{"line":27,"column":33}},"8":{"start":{"line":29,"column":4},"end":{"line":29,"column":45}},"9":{"start":{"line":30,"column":4},"end":{"line":30,"column":53}},"10":{"start":{"line":31,"column":4},"end":{"line":31,"column":38}},"11":{"start":{"line":41,"column":4},"end":{"line":41,"column":92}},"12":{"start":{"line":42,"column":4},"end":{"line":42,"column":63}},"13":{"start":{"line":52,"column":4},"end":{"line":52,"column":95}},"14":{"start":{"line":53,"column":4},"end":{"line":53,"column":63}},"15":{"start":{"line":63,"column":4},"end":{"line":63,"column":79}},"16":{"start":{"line":65,"column":25},"end":{"line":65,"column":57}},"17":{"start":{"line":66,"column":25},"end":{"line":66,"column":80}},"18":{"start":{"line":68,"column":4},"end":{"line":68,"column":48}},"19":{"start":{"line":69,"column":4},"end":{"line":69,"column":74}},"20":{"start":{"line":70,"column":4},"end":{"line":70,"column":50}},"21":{"start":{"line":71,"column":4},"end":{"line":71,"column":99}},"22":{"start":{"line":72,"column":4},"end":{"line":72,"column":84}},"23":{"start":{"line":74,"column":4},"end":{"line":74,"column":93}},"24":{"start":{"line":75,"column":4},"end":{"line":75,"column":178}},"25":{"start":{"line":85,"column":4},"end":{"line":116,"column":5}},"26":{"start":{"line":86,"column":6},"end":{"line":86,"column":18}},"27":{"start":{"line":87,"column":6},"end":{"line":87,"column":52}},"28":{"start":{"line":88,"column":6},"end":{"line":88,"column":52}},"29":{"start":{"line":92,"column":6},"end":{"line":115,"column":7}},"30":{"start":{"line":93,"column":8},"end":{"line":93,"column":48}},"31":{"start":{"line":94,"column":8},"end":{"line":94,"column":44}},"32":{"start":{"line":95,"column":8},"end":{"line":95,"column":27}},"33":{"start":{"line":96,"column":8},"end":{"line":96,"column":33}},"34":{"start":{"line":100,"column":8},"end":{"line":114,"column":9}},"35":{"start":{"line":101,"column":10},"end":{"line":101,"column":23}},"36":{"start":{"line":102,"column":10},"end":{"line":102,"column":57}},"37":{"start":{"line":103,"column":10},"end":{"line":103,"column":57}},"38":{"start":{"line":106,"column":10},"end":{"line":106,"column":50}},"39":{"start":{"line":107,"column":10},"end":{"line":107,"column":31}},"40":{"start":{"line":108,"column":10},"end":{"line":108,"column":45}},"41":{"start":{"line":109,"column":10},"end":{"line":109,"column":47}},"42":{"start":{"line":110,"column":10},"end":{"line":110,"column":42}},"43":{"start":{"line":111,"column":10},"end":{"line":111,"column":42}},"44":{"start":{"line":112,"column":10},"end":{"line":112,"column":34}},"45":{"start":{"line":113,"column":10},"end":{"line":113,"column":22}},"46":{"start":{"line":118,"column":4},"end":{"line":118,"column":147}},"47":{"start":{"line":119,"column":4},"end":{"line":119,"column":79}},"48":{"start":{"line":120,"column":4},"end":{"line":120,"column":62}},"49":{"start":{"line":121,"column":4},"end":{"line":121,"column":59}},"50":{"start":{"line":130,"column":4},"end":{"line":130,"column":41}},"51":{"start":{"line":131,"column":4},"end":{"line":131,"column":29}},"52":{"start":{"line":140,"column":4},"end":{"line":140,"column":25}},"53":{"start":{"line":141,"column":4},"end":{"line":141,"column":45}},"54":{"start":{"line":142,"column":4},"end":{"line":142,"column":28}},"55":{"start":{"line":155,"column":4},"end":{"line":155,"column":38}},"56":{"start":{"line":157,"column":4},"end":{"line":159,"column":81}},"57":{"start":{"line":161,"column":4},"end":{"line":164,"column":15}},"58":{"start":{"line":166,"column":4},"end":{"line":166,"column":28}},"59":{"start":{"line":169,"column":2},"end":{"line":176,"column":4}}},"fnMap":{"0":{"name":"(anonymous_0)","decl":{"start":{"line":5,"column":15},"end":{"line":5,"column":16}},"loc":{"start":{"line":5,"column":21},"end":{"line":177,"column":1}},"line":5},"1":{"name":"resetTimer","decl":{"start":{"line":19,"column":11},"end":{"line":19,"column":21}},"loc":{"start":{"line":19,"column":45},"end":{"line":32,"column":3}},"line":19},"2":{"name":"renderWorkValue","decl":{"start":{"line":40,"column":11},"end":{"line":40,"column":26}},"loc":{"start":{"line":40,"column":38},"end":{"line":43,"column":3}},"line":40},"3":{"name":"renderBreakValue","decl":{"start":{"line":51,"column":11},"end":{"line":51,"column":27}},"loc":{"start":{"line":51,"column":40},"end":{"line":54,"column":3}},"line":51},"4":{"name":"togglePlayPause","decl":{"start":{"line":61,"column":11},"end":{"line":61,"column":26}},"loc":{"start":{"line":61,"column":33},"end":{"line":76,"column":3}},"line":61},"5":{"name":"playTimer","decl":{"start":{"line":82,"column":11},"end":{"line":82,"column":20}},"loc":{"start":{"line":82,"column":23},"end":{"line":122,"column":3}},"line":82},"6":{"name":"countDown","decl":{"start":{"line":129,"column":11},"end":{"line":129,"column":20}},"loc":{"start":{"line":129,"column":23},"end":{"line":132,"column":3}},"line":129},"7":{"name":"pauseTimer","decl":{"start":{"line":139,"column":11},"end":{"line":139,"column":21}},"loc":{"start":{"line":139,"column":24},"end":{"line":143,"column":3}},"line":139},"8":{"name":"renderTimer","decl":{"start":{"line":154,"column":11},"end":{"line":154,"column":22}},"loc":{"start":{"line":154,"column":46},"end":{"line":167,"column":3}},"line":154}},"branchMap":{"0":{"loc":{"start":{"line":41,"column":4},"end":{"line":41,"column":91}},"type":"cond-expr","locations":[{"start":{"line":41,"column":16},"end":{"line":41,"column":84}},{"start":{"line":41,"column":87},"end":{"line":41,"column":91}}],"line":41},"1":{"loc":{"start":{"line":42,"column":11},"end":{"line":42,"column":62}},"type":"binary-expr","locations":[{"start":{"line":42,"column":11},"end":{"line":42,"column":56}},{"start":{"line":42,"column":60},"end":{"line":42,"column":62}}],"line":42},"2":{"loc":{"start":{"line":52,"column":4},"end":{"line":52,"column":94}},"type":"cond-expr","locations":[{"start":{"line":52,"column":17},"end":{"line":52,"column":87}},{"start":{"line":52,"column":90},"end":{"line":52,"column":94}}],"line":52},"3":{"loc":{"start":{"line":53,"column":11},"end":{"line":53,"column":62}},"type":"binary-expr","locations":[{"start":{"line":53,"column":11},"end":{"line":53,"column":57}},{"start":{"line":53,"column":61},"end":{"line":53,"column":62}}],"line":53},"4":{"loc":{"start":{"line":63,"column":4},"end":{"line":63,"column":78}},"type":"cond-expr","locations":[{"start":{"line":63,"column":22},"end":{"line":63,"column":36}},{"start":{"line":63,"column":39},"end":{"line":63,"column":78}}],"line":63},"5":{"loc":{"start":{"line":63,"column":39},"end":{"line":63,"column":78}},"type":"cond-expr","locations":[{"start":{"line":63,"column":58},"end":{"line":63,"column":71}},{"start":{"line":63,"column":74},"end":{"line":63,"column":78}}],"line":63},"6":{"loc":{"start":{"line":74,"column":4},"end":{"line":74,"column":92}},"type":"cond-expr","locations":[{"start":{"line":74,"column":19},"end":{"line":74,"column":85}},{"start":{"line":74,"column":88},"end":{"line":74,"column":92}}],"line":74},"7":{"loc":{"start":{"line":75,"column":4},"end":{"line":75,"column":177}},"type":"cond-expr","locations":[{"start":{"line":75,"column":63},"end":{"line":75,"column":170}},{"start":{"line":75,"column":173},"end":{"line":75,"column":177}}],"line":75},"8":{"loc":{"start":{"line":85,"column":4},"end":{"line":116,"column":5}},"type":"if","locations":[{"start":{"line":85,"column":4},"end":{"line":116,"column":5}},{"start":{"line":90,"column":9},"end":{"line":116,"column":5}}],"line":85},"9":{"loc":{"start":{"line":92,"column":6},"end":{"line":115,"column":7}},"type":"if","locations":[{"start":{"line":92,"column":6},"end":{"line":115,"column":7}},{"start":{"line":98,"column":11},"end":{"line":115,"column":7}}],"line":92},"10":{"loc":{"start":{"line":92,"column":10},"end":{"line":92,"column":96}},"type":"binary-expr","locations":[{"start":{"line":92,"column":10},"end":{"line":92,"column":48}},{"start":{"line":92,"column":52},"end":{"line":92,"column":72}},{"start":{"line":92,"column":76},"end":{"line":92,"column":96}}],"line":92},"11":{"loc":{"start":{"line":100,"column":8},"end":{"line":114,"column":9}},"type":"if","locations":[{"start":{"line":100,"column":8},"end":{"line":114,"column":9}},{"start":{"line":105,"column":13},"end":{"line":114,"column":9}}],"line":100},"12":{"loc":{"start":{"line":118,"column":22},"end":{"line":118,"column":81}},"type":"cond-expr","locations":[{"start":{"line":118,"column":44},"end":{"line":118,"column":64}},{"start":{"line":118,"column":67},"end":{"line":118,"column":81}}],"line":118},"13":{"loc":{"start":{"line":118,"column":85},"end":{"line":118,"column":144}},"type":"cond-expr","locations":[{"start":{"line":118,"column":107},"end":{"line":118,"column":127}},{"start":{"line":118,"column":130},"end":{"line":118,"column":144}}],"line":118},"14":{"loc":{"start":{"line":159,"column":25},"end":{"line":159,"column":69}},"type":"cond-expr","locations":[{"start":{"line":159,"column":42},"end":{"line":159,"column":57}},{"start":{"line":159,"column":60},"end":{"line":159,"column":69}}],"line":159}},"s":{"0":1,"1":4,"2":4,"3":4,"4":4,"5":4,"6":4,"7":4,"8":4,"9":4,"10":4,"11":4,"12":4,"13":4,"14":4,"15":7,"16":7,"17":7,"18":7,"19":7,"20":7,"21":7,"22":7,"23":7,"24":7,"25":1,"26":1,"27":1,"28":1,"29":0,"30":0,"31":0,"32":0,"33":0,"34":0,"35":0,"36":0,"37":0,"38":0,"39":0,"40":0,"41":0,"42":0,"43":0,"44":0,"45":0,"46":1,"47":1,"48":1,"49":1,"50":2,"51":2,"52":1,"53":1,"54":1,"55":4,"56":4,"57":4,"58":4,"59":1},"f":{"0":1,"1":4,"2":4,"3":4,"4":7,"5":1,"6":2,"7":1,"8":4},"b":{"0":[2,2],"1":[4,2],"2":[2,2],"3":[4,2],"4":[5,2],"5":[2,0],"6":[3,4],"7":[7,0],"8":[1,0],"9":[0,0],"10":[0,0,0],"11":[0,0],"12":[0,1],"13":[0,1],"14":[0,4]},"_coverageSchema":"1a1c01bbd47fc00a2c39e90264f33305004495a9","hash":"abc68584249a622eed1cc794995094bd11f4b1da"}
}
