{"C:\\Users\\Adrien\\Desktop\\dev\\Pomodoro\\app\\src\\modules\\SettingsModal.js": {"path":"C:\\Users\\Adrien\\Desktop\\dev\\Pomodoro\\app\\src\\modules\\SettingsModal.js","statementMap":{"0":{"start":{"line":7,"column":22},"end":{"line":106,"column":4}},"1":{"start":{"line":21,"column":4},"end":{"line":21,"column":27}},"2":{"start":{"line":22,"column":4},"end":{"line":22,"column":29}},"3":{"start":{"line":24,"column":4},"end":{"line":35,"column":5}},"4":{"start":{"line":25,"column":6},"end":{"line":25,"column":43}},"5":{"start":{"line":27,"column":9},"end":{"line":35,"column":5}},"6":{"start":{"line":28,"column":6},"end":{"line":28,"column":44}},"7":{"start":{"line":31,"column":6},"end":{"line":31,"column":101}},"8":{"start":{"line":31,"column":57},"end":{"line":31,"column":101}},"9":{"start":{"line":32,"column":6},"end":{"line":32,"column":105}},"10":{"start":{"line":32,"column":59},"end":{"line":32,"column":105}},"11":{"start":{"line":33,"column":6},"end":{"line":33,"column":104}},"12":{"start":{"line":34,"column":6},"end":{"line":34,"column":27}},"13":{"start":{"line":43,"column":26},"end":{"line":43,"column":55}},"14":{"start":{"line":44,"column":4},"end":{"line":44,"column":41}},"15":{"start":{"line":45,"column":4},"end":{"line":45,"column":46}},"16":{"start":{"line":46,"column":4},"end":{"line":64,"column":12}},"17":{"start":{"line":66,"column":4},"end":{"line":66,"column":102}},"18":{"start":{"line":67,"column":4},"end":{"line":67,"column":63}},"19":{"start":{"line":75,"column":26},"end":{"line":75,"column":58}},"20":{"start":{"line":76,"column":4},"end":{"line":76,"column":85}},"21":{"start":{"line":77,"column":4},"end":{"line":77,"column":66}},"22":{"start":{"line":85,"column":25},"end":{"line":85,"column":52}},"23":{"start":{"line":86,"column":4},"end":{"line":86,"column":59}},"24":{"start":{"line":87,"column":4},"end":{"line":87,"column":150}},"25":{"start":{"line":89,"column":4},"end":{"line":89,"column":75}},"26":{"start":{"line":97,"column":25},"end":{"line":97,"column":65}},"27":{"start":{"line":98,"column":4},"end":{"line":98,"column":90}},"28":{"start":{"line":101,"column":2},"end":{"line":105,"column":4}}},"fnMap":{"0":{"name":"(anonymous_0)","decl":{"start":{"line":7,"column":23},"end":{"line":7,"column":24}},"loc":{"start":{"line":7,"column":29},"end":{"line":106,"column":1}},"line":7},"1":{"name":"handleSubmit","decl":{"start":{"line":20,"column":11},"end":{"line":20,"column":23}},"loc":{"start":{"line":20,"column":64},"end":{"line":36,"column":3}},"line":20},"2":{"name":"openSettingsModal","decl":{"start":{"line":42,"column":11},"end":{"line":42,"column":28}},"loc":{"start":{"line":42,"column":31},"end":{"line":68,"column":3}},"line":42},"3":{"name":"closeSettingsModal","decl":{"start":{"line":74,"column":11},"end":{"line":74,"column":29}},"loc":{"start":{"line":74,"column":32},"end":{"line":78,"column":3}},"line":74},"4":{"name":"renderFormErrorMessage","decl":{"start":{"line":84,"column":11},"end":{"line":84,"column":33}},"loc":{"start":{"line":84,"column":41},"end":{"line":90,"column":3}},"line":84},"5":{"name":"removeFormErrorMessage","decl":{"start":{"line":96,"column":11},"end":{"line":96,"column":33}},"loc":{"start":{"line":96,"column":36},"end":{"line":99,"column":3}},"line":96}},"branchMap":{"0":{"loc":{"start":{"line":24,"column":4},"end":{"line":35,"column":5}},"type":"if","locations":[{"start":{"line":24,"column":4},"end":{"line":35,"column":5}},{"start":{"line":27,"column":9},"end":{"line":35,"column":5}}],"line":24},"1":{"loc":{"start":{"line":24,"column":8},"end":{"line":24,"column":75}},"type":"binary-expr","locations":[{"start":{"line":24,"column":8},"end":{"line":24,"column":29}},{"start":{"line":24,"column":33},"end":{"line":24,"column":51}},{"start":{"line":24,"column":55},"end":{"line":24,"column":75}}],"line":24},"2":{"loc":{"start":{"line":27,"column":9},"end":{"line":35,"column":5}},"type":"if","locations":[{"start":{"line":27,"column":9},"end":{"line":35,"column":5}},{"start":{"line":30,"column":9},"end":{"line":35,"column":5}}],"line":27},"3":{"loc":{"start":{"line":27,"column":13},"end":{"line":27,"column":83}},"type":"binary-expr","locations":[{"start":{"line":27,"column":13},"end":{"line":27,"column":35}},{"start":{"line":27,"column":39},"end":{"line":27,"column":58}},{"start":{"line":27,"column":62},"end":{"line":27,"column":83}}],"line":27},"4":{"loc":{"start":{"line":31,"column":6},"end":{"line":31,"column":101}},"type":"if","locations":[{"start":{"line":31,"column":6},"end":{"line":31,"column":101}},{"start":{},"end":{}}],"line":31},"5":{"loc":{"start":{"line":32,"column":6},"end":{"line":32,"column":105}},"type":"if","locations":[{"start":{"line":32,"column":6},"end":{"line":32,"column":105}},{"start":{},"end":{}}],"line":32},"6":{"loc":{"start":{"line":76,"column":4},"end":{"line":76,"column":84}},"type":"cond-expr","locations":[{"start":{"line":76,"column":20},"end":{"line":76,"column":77}},{"start":{"line":76,"column":80},"end":{"line":76,"column":84}}],"line":76},"7":{"loc":{"start":{"line":98,"column":4},"end":{"line":98,"column":89}},"type":"cond-expr","locations":[{"start":{"line":98,"column":19},"end":{"line":98,"column":82}},{"start":{"line":98,"column":85},"end":{"line":98,"column":89}}],"line":98}},"s":{"0":1,"1":3,"2":3,"3":3,"4":1,"5":2,"6":1,"7":1,"8":0,"9":1,"10":0,"11":1,"12":1,"13":5,"14":5,"15":5,"16":5,"17":5,"18":5,"19":2,"20":2,"21":2,"22":2,"23":2,"24":2,"25":2,"26":3,"27":3,"28":1},"f":{"0":1,"1":3,"2":5,"3":2,"4":2,"5":3},"b":{"0":[1,2],"1":[3,2,2],"2":[1,1],"3":[2,1,1],"4":[0,1],"5":[0,1],"6":[2,0],"7":[0,3]},"_coverageSchema":"1a1c01bbd47fc00a2c39e90264f33305004495a9","hash":"4d2764c9d32b95ab6d8a72484d04d746f09a8f3d"}
,"C:\\Users\\Adrien\\Desktop\\dev\\Pomodoro\\app\\src\\modules\\Timer.js": {"path":"C:\\Users\\Adrien\\Desktop\\dev\\Pomodoro\\app\\src\\modules\\Timer.js","statementMap":{"0":{"start":{"line":5,"column":14},"end":{"line":177,"column":4}},"1":{"start":{"line":20,"column":4},"end":{"line":20,"column":25}},"2":{"start":{"line":22,"column":4},"end":{"line":22,"column":17}},"3":{"start":{"line":23,"column":4},"end":{"line":23,"column":28}},"4":{"start":{"line":24,"column":4},"end":{"line":24,"column":31}},"5":{"start":{"line":25,"column":4},"end":{"line":25,"column":23}},"6":{"start":{"line":26,"column":4},"end":{"line":26,"column":31}},"7":{"start":{"line":27,"column":4},"end":{"line":27,"column":33}},"8":{"start":{"line":29,"column":4},"end":{"line":29,"column":45}},"9":{"start":{"line":30,"column":4},"end":{"line":30,"column":53}},"10":{"start":{"line":31,"column":4},"end":{"line":31,"column":38}},"11":{"start":{"line":41,"column":4},"end":{"line":41,"column":92}},"12":{"start":{"line":42,"column":4},"end":{"line":42,"column":63}},"13":{"start":{"line":52,"column":4},"end":{"line":52,"column":95}},"14":{"start":{"line":53,"column":4},"end":{"line":53,"column":63}},"15":{"start":{"line":63,"column":4},"end":{"line":63,"column":79}},"16":{"start":{"line":65,"column":25},"end":{"line":65,"column":57}},"17":{"start":{"line":66,"column":25},"end":{"line":66,"column":80}},"18":{"start":{"line":68,"column":4},"end":{"line":68,"column":48}},"19":{"start":{"line":69,"column":4},"end":{"line":69,"column":74}},"20":{"start":{"line":70,"column":4},"end":{"line":70,"column":50}},"21":{"start":{"line":71,"column":4},"end":{"line":71,"column":99}},"22":{"start":{"line":72,"column":4},"end":{"line":72,"column":84}},"23":{"start":{"line":74,"column":4},"end":{"line":74,"column":93}},"24":{"start":{"line":75,"column":4},"end":{"line":75,"column":178}},"25":{"start":{"line":85,"column":4},"end":{"line":116,"column":5}},"26":{"start":{"line":86,"column":6},"end":{"line":86,"column":18}},"27":{"start":{"line":87,"column":6},"end":{"line":87,"column":52}},"28":{"start":{"line":88,"column":6},"end":{"line":88,"column":52}},"29":{"start":{"line":92,"column":6},"end":{"line":115,"column":7}},"30":{"start":{"line":93,"column":8},"end":{"line":93,"column":48}},"31":{"start":{"line":94,"column":8},"end":{"line":94,"column":44}},"32":{"start":{"line":95,"column":8},"end":{"line":95,"column":27}},"33":{"start":{"line":96,"column":8},"end":{"line":96,"column":33}},"34":{"start":{"line":100,"column":8},"end":{"line":114,"column":9}},"35":{"start":{"line":101,"column":10},"end":{"line":101,"column":23}},"36":{"start":{"line":102,"column":10},"end":{"line":102,"column":57}},"37":{"start":{"line":103,"column":10},"end":{"line":103,"column":57}},"38":{"start":{"line":106,"column":10},"end":{"line":106,"column":50}},"39":{"start":{"line":107,"column":10},"end":{"line":107,"column":31}},"40":{"start":{"line":108,"column":10},"end":{"line":108,"column":45}},"41":{"start":{"line":109,"column":10},"end":{"line":109,"column":47}},"42":{"start":{"line":110,"column":10},"end":{"line":110,"column":42}},"43":{"start":{"line":111,"column":10},"end":{"line":111,"column":42}},"44":{"start":{"line":112,"column":10},"end":{"line":112,"column":34}},"45":{"start":{"line":113,"column":10},"end":{"line":113,"column":22}},"46":{"start":{"line":118,"column":4},"end":{"line":118,"column":147}},"47":{"start":{"line":119,"column":4},"end":{"line":119,"column":79}},"48":{"start":{"line":120,"column":4},"end":{"line":120,"column":62}},"49":{"start":{"line":121,"column":4},"end":{"line":121,"column":59}},"50":{"start":{"line":130,"column":4},"end":{"line":130,"column":41}},"51":{"start":{"line":131,"column":4},"end":{"line":131,"column":29}},"52":{"start":{"line":140,"column":4},"end":{"line":140,"column":25}},"53":{"start":{"line":141,"column":4},"end":{"line":141,"column":45}},"54":{"start":{"line":142,"column":4},"end":{"line":142,"column":28}},"55":{"start":{"line":155,"column":4},"end":{"line":155,"column":38}},"56":{"start":{"line":157,"column":4},"end":{"line":159,"column":81}},"57":{"start":{"line":161,"column":4},"end":{"line":164,"column":15}},"58":{"start":{"line":166,"column":4},"end":{"line":166,"column":28}},"59":{"start":{"line":169,"column":2},"end":{"line":176,"column":4}}},"fnMap":{"0":{"name":"(anonymous_0)","decl":{"start":{"line":5,"column":15},"end":{"line":5,"column":16}},"loc":{"start":{"line":5,"column":21},"end":{"line":177,"column":1}},"line":5},"1":{"name":"resetTimer","decl":{"start":{"line":19,"column":11},"end":{"line":19,"column":21}},"loc":{"start":{"line":19,"column":45},"end":{"line":32,"column":3}},"line":19},"2":{"name":"renderWorkValue","decl":{"start":{"line":40,"column":11},"end":{"line":40,"column":26}},"loc":{"start":{"line":40,"column":38},"end":{"line":43,"column":3}},"line":40},"3":{"name":"renderBreakValue","decl":{"start":{"line":51,"column":11},"end":{"line":51,"column":27}},"loc":{"start":{"line":51,"column":40},"end":{"line":54,"column":3}},"line":51},"4":{"name":"togglePlayPause","decl":{"start":{"line":61,"column":11},"end":{"line":61,"column":26}},"loc":{"start":{"line":61,"column":33},"end":{"line":76,"column":3}},"line":61},"5":{"name":"playTimer","decl":{"start":{"line":82,"column":11},"end":{"line":82,"column":20}},"loc":{"start":{"line":82,"column":23},"end":{"line":122,"column":3}},"line":82},"6":{"name":"countDown","decl":{"start":{"line":129,"column":11},"end":{"line":129,"column":20}},"loc":{"start":{"line":129,"column":23},"end":{"line":132,"column":3}},"line":129},"7":{"name":"pauseTimer","decl":{"start":{"line":139,"column":11},"end":{"line":139,"column":21}},"loc":{"start":{"line":139,"column":24},"end":{"line":143,"column":3}},"line":139},"8":{"name":"renderTimer","decl":{"start":{"line":154,"column":11},"end":{"line":154,"column":22}},"loc":{"start":{"line":154,"column":46},"end":{"line":167,"column":3}},"line":154}},"branchMap":{"0":{"loc":{"start":{"line":41,"column":4},"end":{"line":41,"column":91}},"type":"cond-expr","locations":[{"start":{"line":41,"column":16},"end":{"line":41,"column":84}},{"start":{"line":41,"column":87},"end":{"line":41,"column":91}}],"line":41},"1":{"loc":{"start":{"line":42,"column":11},"end":{"line":42,"column":62}},"type":"binary-expr","locations":[{"start":{"line":42,"column":11},"end":{"line":42,"column":56}},{"start":{"line":42,"column":60},"end":{"line":42,"column":62}}],"line":42},"2":{"loc":{"start":{"line":52,"column":4},"end":{"line":52,"column":94}},"type":"cond-expr","locations":[{"start":{"line":52,"column":17},"end":{"line":52,"column":87}},{"start":{"line":52,"column":90},"end":{"line":52,"column":94}}],"line":52},"3":{"loc":{"start":{"line":53,"column":11},"end":{"line":53,"column":62}},"type":"binary-expr","locations":[{"start":{"line":53,"column":11},"end":{"line":53,"column":57}},{"start":{"line":53,"column":61},"end":{"line":53,"column":62}}],"line":53},"4":{"loc":{"start":{"line":63,"column":4},"end":{"line":63,"column":78}},"type":"cond-expr","locations":[{"start":{"line":63,"column":22},"end":{"line":63,"column":36}},{"start":{"line":63,"column":39},"end":{"line":63,"column":78}}],"line":63},"5":{"loc":{"start":{"line":63,"column":39},"end":{"line":63,"column":78}},"type":"cond-expr","locations":[{"start":{"line":63,"column":58},"end":{"line":63,"column":71}},{"start":{"line":63,"column":74},"end":{"line":63,"column":78}}],"line":63},"6":{"loc":{"start":{"line":74,"column":4},"end":{"line":74,"column":92}},"type":"cond-expr","locations":[{"start":{"line":74,"column":19},"end":{"line":74,"column":85}},{"start":{"line":74,"column":88},"end":{"line":74,"column":92}}],"line":74},"7":{"loc":{"start":{"line":75,"column":4},"end":{"line":75,"column":177}},"type":"cond-expr","locations":[{"start":{"line":75,"column":63},"end":{"line":75,"column":170}},{"start":{"line":75,"column":173},"end":{"line":75,"column":177}}],"line":75},"8":{"loc":{"start":{"line":85,"column":4},"end":{"line":116,"column":5}},"type":"if","locations":[{"start":{"line":85,"column":4},"end":{"line":116,"column":5}},{"start":{"line":90,"column":9},"end":{"line":116,"column":5}}],"line":85},"9":{"loc":{"start":{"line":92,"column":6},"end":{"line":115,"column":7}},"type":"if","locations":[{"start":{"line":92,"column":6},"end":{"line":115,"column":7}},{"start":{"line":98,"column":11},"end":{"line":115,"column":7}}],"line":92},"10":{"loc":{"start":{"line":92,"column":10},"end":{"line":92,"column":96}},"type":"binary-expr","locations":[{"start":{"line":92,"column":10},"end":{"line":92,"column":48}},{"start":{"line":92,"column":52},"end":{"line":92,"column":72}},{"start":{"line":92,"column":76},"end":{"line":92,"column":96}}],"line":92},"11":{"loc":{"start":{"line":100,"column":8},"end":{"line":114,"column":9}},"type":"if","locations":[{"start":{"line":100,"column":8},"end":{"line":114,"column":9}},{"start":{"line":105,"column":13},"end":{"line":114,"column":9}}],"line":100},"12":{"loc":{"start":{"line":118,"column":22},"end":{"line":118,"column":81}},"type":"cond-expr","locations":[{"start":{"line":118,"column":44},"end":{"line":118,"column":64}},{"start":{"line":118,"column":67},"end":{"line":118,"column":81}}],"line":118},"13":{"loc":{"start":{"line":118,"column":85},"end":{"line":118,"column":144}},"type":"cond-expr","locations":[{"start":{"line":118,"column":107},"end":{"line":118,"column":127}},{"start":{"line":118,"column":130},"end":{"line":118,"column":144}}],"line":118},"14":{"loc":{"start":{"line":159,"column":25},"end":{"line":159,"column":69}},"type":"cond-expr","locations":[{"start":{"line":159,"column":42},"end":{"line":159,"column":57}},{"start":{"line":159,"column":60},"end":{"line":159,"column":69}}],"line":159}},"s":{"0":2,"1":7,"2":7,"3":7,"4":7,"5":7,"6":7,"7":7,"8":7,"9":7,"10":7,"11":7,"12":7,"13":315,"14":315,"15":14,"16":14,"17":14,"18":14,"19":14,"20":14,"21":14,"22":14,"23":14,"24":14,"25":4807,"26":4502,"27":4502,"28":4502,"29":305,"30":3,"31":3,"32":3,"33":3,"34":302,"35":301,"36":301,"37":301,"38":1,"39":1,"40":1,"41":1,"42":1,"43":1,"44":1,"45":1,"46":4807,"47":4807,"48":4807,"49":4807,"50":6,"51":6,"52":1,"53":1,"54":1,"55":7,"56":7,"57":7,"58":7,"59":2},"f":{"0":2,"1":7,"2":7,"3":315,"4":14,"5":4807,"6":6,"7":1,"8":7},"b":{"0":[2,5],"1":[7,5],"2":[2,313],"3":[315,313],"4":[8,6],"5":[6,0],"6":[6,8],"7":[13,1],"8":[4502,305],"9":[3,302],"10":[305,5,3],"11":[301,1],"12":[2104,2703],"13":[804,4003],"14":[0,7]},"_coverageSchema":"1a1c01bbd47fc00a2c39e90264f33305004495a9","hash":"abc68584249a622eed1cc794995094bd11f4b1da"}
}
