TN:
SF:src\modules\SettingsModal.js
FN:7,(anonymous_0)
FN:20,handleSubmit
FN:42,openSettingsModal
FN:74,closeSettingsModal
FN:84,renderFormErrorMessage
FN:96,removeFormErrorMessage
FNF:6
FNH:6
FNDA:1,(anonymous_0)
FNDA:3,handleSubmit
FNDA:5,openSettingsModal
FNDA:2,closeSettingsModal
FNDA:2,renderFormErrorMessage
FNDA:3,removeFormErrorMessage
DA:7,1
DA:21,3
DA:22,3
DA:24,3
DA:25,1
DA:27,2
DA:28,1
DA:31,1
DA:32,1
DA:33,1
DA:34,1
DA:43,5
DA:44,5
DA:45,5
DA:46,5
DA:66,5
DA:67,5
DA:75,2
DA:76,2
DA:77,2
DA:85,2
DA:86,2
DA:87,2
DA:89,2
DA:97,3
DA:98,3
DA:101,1
LF:27
LH:27
BRDA:24,0,0,1
BRDA:24,0,1,2
BRDA:24,1,0,3
BRDA:24,1,1,2
BRDA:24,1,2,2
BRDA:27,2,0,1
BRDA:27,2,1,1
BRDA:27,3,0,2
BRDA:27,3,1,1
BRDA:27,3,2,1
BRDA:31,4,0,0
BRDA:31,4,1,1
BRDA:32,5,0,0
BRDA:32,5,1,1
BRDA:76,6,0,2
BRDA:76,6,1,0
BRDA:98,7,0,0
BRDA:98,7,1,3
BRF:18
BRH:14
end_of_record
TN:
SF:src\modules\Timer.js
FN:5,(anonymous_0)
FN:19,resetTimer
FN:40,renderWorkValue
FN:51,renderBreakValue
FN:61,togglePlayPause
FN:82,playTimer
FN:129,countDown
FN:139,pauseTimer
FN:154,renderTimer
FNF:9
FNH:9
FNDA:2,(anonymous_0)
FNDA:7,resetTimer
FNDA:7,renderWorkValue
FNDA:315,renderBreakValue
FNDA:14,togglePlayPause
FNDA:4807,playTimer
FNDA:6,countDown
FNDA:1,pauseTimer
FNDA:7,renderTimer
DA:5,2
DA:20,7
DA:22,7
DA:23,7
DA:24,7
DA:25,7
DA:26,7
DA:27,7
DA:29,7
DA:30,7
DA:31,7
DA:41,7
DA:42,7
DA:52,315
DA:53,315
DA:63,14
DA:65,14
DA:66,14
DA:68,14
DA:69,14
DA:70,14
DA:71,14
DA:72,14
DA:74,14
DA:75,14
DA:85,4807
DA:86,4502
DA:87,4502
DA:88,4502
DA:92,305
DA:93,3
DA:94,3
DA:95,3
DA:96,3
DA:100,302
DA:101,301
DA:102,301
DA:103,301
DA:106,1
DA:107,1
DA:108,1
DA:109,1
DA:110,1
DA:111,1
DA:112,1
DA:113,1
DA:118,4807
DA:119,4807
DA:120,4807
DA:121,4807
DA:130,6
DA:131,6
DA:140,1
DA:141,1
DA:142,1
DA:155,7
DA:157,7
DA:161,7
DA:166,7
DA:169,2
LF:60
LH:60
BRDA:41,0,0,2
BRDA:41,0,1,5
BRDA:42,1,0,7
BRDA:42,1,1,5
BRDA:52,2,0,2
BRDA:52,2,1,313
BRDA:53,3,0,315
BRDA:53,3,1,313
BRDA:63,4,0,8
BRDA:63,4,1,6
BRDA:63,5,0,6
BRDA:63,5,1,0
BRDA:74,6,0,6
BRDA:74,6,1,8
BRDA:75,7,0,13
BRDA:75,7,1,1
BRDA:85,8,0,4502
BRDA:85,8,1,305
BRDA:92,9,0,3
BRDA:92,9,1,302
BRDA:92,10,0,305
BRDA:92,10,1,5
BRDA:92,10,2,3
BRDA:100,11,0,301
BRDA:100,11,1,1
BRDA:118,12,0,2104
BRDA:118,12,1,2703
BRDA:118,13,0,804
BRDA:118,13,1,4003
BRDA:159,14,0,0
BRDA:159,14,1,7
BRF:31
BRH:29
end_of_record
