TN:
SF:src\modules\Timer.js
FN:5,(anonymous_0)
FN:19,resetTimer
FN:40,renderWorkValue
FN:51,renderBreakValue
FN:61,togglePlayPause
FN:82,playTimer
FN:129,countDown
FN:139,pauseTimer
FN:154,renderTimer
FNF:9
FNH:9
FNDA:1,(anonymous_0)
FNDA:4,resetTimer
FNDA:4,renderWorkValue
FNDA:4,renderBreakValue
FNDA:7,togglePlayPause
FNDA:1,playTimer
FNDA:2,countDown
FNDA:1,pauseTimer
FNDA:4,renderTimer
DA:5,1
DA:20,4
DA:22,4
DA:23,4
DA:24,4
DA:25,4
DA:26,4
DA:27,4
DA:29,4
DA:30,4
DA:31,4
DA:41,4
DA:42,4
DA:52,4
DA:53,4
DA:63,7
DA:65,7
DA:66,7
DA:68,7
DA:69,7
DA:70,7
DA:71,7
DA:72,7
DA:74,7
DA:75,7
DA:85,1
DA:86,1
DA:87,1
DA:88,1
DA:92,0
DA:93,0
DA:94,0
DA:95,0
DA:96,0
DA:100,0
DA:101,0
DA:102,0
DA:103,0
DA:106,0
DA:107,0
DA:108,0
DA:109,0
DA:110,0
DA:111,0
DA:112,0
DA:113,0
DA:118,1
DA:119,1
DA:120,1
DA:121,1
DA:130,2
DA:131,2
DA:140,1
DA:141,1
DA:142,1
DA:155,4
DA:157,4
DA:161,4
DA:166,4
DA:169,1
LF:60
LH:43
BRDA:41,0,0,2
BRDA:41,0,1,2
BRDA:42,1,0,4
BRDA:42,1,1,2
BRDA:52,2,0,2
BRDA:52,2,1,2
BRDA:53,3,0,4
BRDA:53,3,1,2
BRDA:63,4,0,5
BRDA:63,4,1,2
BRDA:63,5,0,2
BRDA:63,5,1,0
BRDA:74,6,0,3
BRDA:74,6,1,4
BRDA:75,7,0,7
BRDA:75,7,1,0
BRDA:85,8,0,1
BRDA:85,8,1,0
BRDA:92,9,0,0
BRDA:92,9,1,0
BRDA:92,10,0,0
BRDA:92,10,1,0
BRDA:92,10,2,0
BRDA:100,11,0,0
BRDA:100,11,1,0
BRDA:118,12,0,0
BRDA:118,12,1,1
BRDA:118,13,0,0
BRDA:118,13,1,1
BRDA:159,14,0,0
BRDA:159,14,1,4
BRF:31
BRH:18
end_of_record
